<?xml version="1.0" encoding="UTF-8"?>
<testng-results ignored="0" total="1" passed="1" failed="0" skipped="0">
  <reporter-output>
  </reporter-output>
  <suite started-at="2023-01-04T08:13:53 IST" name="Default suite" finished-at="2023-01-04T08:13:54 IST" duration-ms="939">
    <groups>
    </groups>
    <test started-at="2023-01-04T08:13:53 IST" name="Default test" finished-at="2023-01-04T08:13:54 IST" duration-ms="939">
      <class name="Practice.Test1">
        <test-method is-config="true" signature="setup()[pri:0, instance:Practice.Test1@79b06cab]" started-at="2023-01-04T08:13:53 IST" name="setup" finished-at="2023-01-04T08:13:54 IST" duration-ms="777" status="PASS">
          <reporter-output>
          </reporter-output>
        </test-method> <!-- setup -->
        <test-method signature="Test2()[pri:0, instance:Practice.Test1@79b06cab]" started-at="2023-01-04T08:13:54 IST" name="Test2" finished-at="2023-01-04T08:13:54 IST" duration-ms="55" status="PASS">
          <reporter-output>
          </reporter-output>
        </test-method> <!-- Test2 -->
        <test-method is-config="true" signature="Test3()[pri:0, instance:Practice.Test1@79b06cab]" started-at="2023-01-04T08:13:54 IST" name="Test3" finished-at="2023-01-04T08:13:54 IST" duration-ms="1" status="PASS">
          <reporter-output>
          </reporter-output>
        </test-method> <!-- Test3 -->
      </class> <!-- Practice.Test1 -->
    </test> <!-- Default test -->
  </suite> <!-- Default suite -->
</testng-results>
